<?xml version="1.0"?>
<!--Phoronix Test Suite v3.8.0m1 (Bygland)-->
<PhoronixTestSuite>
  <TestInformation>
    <Title>Structure</Title>
    <AppVersion>2.3.4</AppVersion>
    <Description>Single threaded bayesian calculation of population attribution. Will perform 4 replciates for 4 values of "K" clusters.</Description>
    <ResultScale>Seconds</ResultScale>
    <Proportion>LIB</Proportion>
    <SubTitle>Total Time</SubTitle>
    <TimesToRun>2</TimesToRun>
  </TestInformation>
  <TestProfile>
    <Version>0.1</Version>
    <SupportedPlatforms>Linux, Solaris, MacOSX, BSD</SupportedPlatforms>
    <SoftwareType>Biology</SoftwareType>
    <TestType>Processor</TestType>
    <License>GPL</License>
    <Status>Verified</Status>
    <ExternalDependencies>build-utilities</ExternalDependencies>
    <EnvironmentSize>1.0</EnvironmentSize>
    <ProjectURL>http://pritchardlab.stanford.edu/structure.html</ProjectURL>
    <Maintainer>Francisco Pina-Martins</Maintainer>
  </TestProfile>
</PhoronixTestSuite>
